Arguments: 
  /usr/bin/node /usr/bin/yarn init

PATH: 
  /home/lux/bin:/home/lux/.local/bin:/usr/local/sbin:/usr/local/bin:/usr/sbin:/usr/bin:/sbin:/bin:/usr/games:/usr/local/games

Yarn version: 
  1.3.2

Node version: 
  6.12.3

Platform: 
  linux x64

npm manifest: 
  {
    "name": "dart-tracker-client",
    "version": "0.1.0",
    "description": "The client for the dart-tracker app.",
    "main": "index.js",
    "scripts": {
      "test": "test"
    },
    "repository": {
      "type": "git",
      "url": "git+https://github.com/lksf/DartTracker.git"
    },
    "keywords": [
      "dart",
      "tracker",
      "score",
      "players",
      "app",
      "online"
    ],
    "author": "Lukas \"Lksfnd\" Fend",
    "license": "ISC",
    "bugs": {
      "url": "https://github.com/lksf/DartTracker/issues"
    },
    "homepage": "https://github.com/lksf/DartTracker#readme"
  }

yarn manifest: 
  No manifest

Lockfile: 
  No lockfile

Trace: 
  Error: canceled
      at Interface.<anonymous> (/usr/lib/node_modules/yarn/lib/cli.js:121045:13)
      at emitNone (events.js:86:13)
      at Interface.emit (events.js:185:7)
      at Interface._ttyWrite (readline.js:724:16)
      at ReadStream.onkeypress (readline.js:119:10)
      at emitTwo (events.js:106:13)
      at ReadStream.emit (events.js:191:7)
      at emitKeys (internal/readline.js:389:14)
      at next (native)
      at ReadStream.onData (readline.js:970:36)
